<?xml version="1.0" encoding="UTF-8" ?>
<testsuite tests="3" failures="0" name="com.alincaia.arithmeticparserv2.NonBinaryExpressionTest" time="0" errors="0" skipped="0">
  <properties>
[...]
</properties>
  <testcase classname="com.alincaia.arithmeticparserv2.NonBinaryExpressionTest" name="testNonBinaryExpression[0 calculation[[4, +, (, ), +, 3]]={1}]]" time="0"/>
  <testcase classname="com.alincaia.arithmeticparserv2.NonBinaryExpressionTest" name="testNonBinaryExpression[1 calculation[[9, +, 4, /]]={1}]]" time="0"/>
  <testcase classname="com.alincaia.arithmeticparserv2.NonBinaryExpressionTest" name="testNonBinaryExpression[2 calculation[[14, /, 9, /, (, 2, 0, )]]={1}]]" time="0"/>
</testsuite>