<?xml version="1.0" encoding="UTF-8" ?>
<testsuite tests="40" failures="0" name="com.alincaia.arithmeticparserv2.ResultParserWithParenthesisTest" time="0.02" errors="0" skipped="0">
  <properties>
[...]
</properties>
  <testcase classname="com.alincaia.arithmeticparserv2.ResultParserWithParenthesisTest" name="testToPostFix[0 calculation[[2, +, 3, *, 4]]=[2, 3, 4, *, +]]]" time="0.002"/>
  <testcase classname="com.alincaia.arithmeticparserv2.ResultParserWithParenthesisTest" name="testResult[0 calculation[[2, +, 3, *, 4]]=[2, 3, 4, *, +]]]" time="0.001"/>
  <testcase classname="com.alincaia.arithmeticparserv2.ResultParserWithParenthesisTest" name="testToPostFix[1 calculation[[(, 2, +, 3, ), *, 4]]=[2, 3, +, 4, *]]]" time="0"/>
  <testcase classname="com.alincaia.arithmeticparserv2.ResultParserWithParenthesisTest" name="testResult[1 calculation[[(, 2, +, 3, ), *, 4]]=[2, 3, +, 4, *]]]" time="0.001"/>
  <testcase classname="com.alincaia.arithmeticparserv2.ResultParserWithParenthesisTest" name="testToPostFix[2 calculation[[(, (, 2, +, 3, ), *, (, 2, +, 3, ), )]]=[2, 3, +, 2, 3, +, *]]]" time="0"/>
  <testcase classname="com.alincaia.arithmeticparserv2.ResultParserWithParenthesisTest" name="testResult[2 calculation[[(, (, 2, +, 3, ), *, (, 2, +, 3, ), )]]=[2, 3, +, 2, 3, +, *]]]" time="0"/>
  <testcase classname="com.alincaia.arithmeticparserv2.ResultParserWithParenthesisTest" name="testToPostFix[3 calculation[[(, (, 2, +, 3, ), *, 2, +, (, 2, +, 3, ), )]]=[2, 3, +, 2, *, 2, 3, +, +]]]" time="0.001"/>
  <testcase classname="com.alincaia.arithmeticparserv2.ResultParserWithParenthesisTest" name="testResult[3 calculation[[(, (, 2, +, 3, ), *, 2, +, (, 2, +, 3, ), )]]=[2, 3, +, 2, *, 2, 3, +, +]]]" time="0"/>
  <testcase classname="com.alincaia.arithmeticparserv2.ResultParserWithParenthesisTest" name="testToPostFix[4 calculation[[(, (, 2, +, 3, ), *, 2, +, (, 2, +, 3, *, 3, ), )]]=[2, 3, +, 2, *, 2, 3, 3, *, +, +]]]" time="0.001"/>
  <testcase classname="com.alincaia.arithmeticparserv2.ResultParserWithParenthesisTest" name="testResult[4 calculation[[(, (, 2, +, 3, ), *, 2, +, (, 2, +, 3, *, 3, ), )]]=[2, 3, +, 2, *, 2, 3, 3, *, +, +]]]" time="0.001"/>
  <testcase classname="com.alincaia.arithmeticparserv2.ResultParserWithParenthesisTest" name="testToPostFix[5 calculation[[2, +, -3.15]]=[2, -3.15, +]]]" time="0"/>
  <testcase classname="com.alincaia.arithmeticparserv2.ResultParserWithParenthesisTest" name="testResult[5 calculation[[2, +, -3.15]]=[2, -3.15, +]]]" time="0"/>
  <testcase classname="com.alincaia.arithmeticparserv2.ResultParserWithParenthesisTest" name="testToPostFix[6 calculation[[-(, 2, +, 3, )]]=[-1, 2, 3, +, *]]]" time="0"/>
  <testcase classname="com.alincaia.arithmeticparserv2.ResultParserWithParenthesisTest" name="testResult[6 calculation[[-(, 2, +, 3, )]]=[-1, 2, 3, +, *]]]" time="0"/>
  <testcase classname="com.alincaia.arithmeticparserv2.ResultParserWithParenthesisTest" name="testToPostFix[7 calculation[[4, +, (, 1, ), +, 3]]=[4, 1, +, 3, +]]]" time="0"/>
  <testcase classname="com.alincaia.arithmeticparserv2.ResultParserWithParenthesisTest" name="testResult[7 calculation[[4, +, (, 1, ), +, 3]]=[4, 1, +, 3, +]]]" time="0.001"/>
  <testcase classname="com.alincaia.arithmeticparserv2.ResultParserWithParenthesisTest" name="testToPostFix[8 calculation[[+(, 3, +, 4, ), (, 3, *, 2, )]]=[3, 4, +, 3, 2, *, *]]]" time="0"/>
  <testcase classname="com.alincaia.arithmeticparserv2.ResultParserWithParenthesisTest" name="testResult[8 calculation[[+(, 3, +, 4, ), (, 3, *, 2, )]]=[3, 4, +, 3, 2, *, *]]]" time="0"/>
  <testcase classname="com.alincaia.arithmeticparserv2.ResultParserWithParenthesisTest" name="testToPostFix[9 calculation[[+(, 3, +, 4, ), (, 3, *, 2, )]]=[3, 4, +, 3, 2, *, *]]]" time="0.001"/>
  <testcase classname="com.alincaia.arithmeticparserv2.ResultParserWithParenthesisTest" name="testResult[9 calculation[[+(, 3, +, 4, ), (, 3, *, 2, )]]=[3, 4, +, 3, 2, *, *]]]" time="0"/>
  <testcase classname="com.alincaia.arithmeticparserv2.ResultParserWithParenthesisTest" name="testToPostFix[10 calculation[[(, (, 7, *, 2, (, 5, -, 3, ), *, 5, ), /, 4, )]]=[7, 2, *, 5, 3, -, *, 5, *, 4, /]]]" time="0.001"/>
  <testcase classname="com.alincaia.arithmeticparserv2.ResultParserWithParenthesisTest" name="testResult[10 calculation[[(, (, 7, *, 2, (, 5, -, 3, ), *, 5, ), /, 4, )]]=[7, 2, *, 5, 3, -, *, 5, *, 4, /]]]" time="0"/>
  <testcase classname="com.alincaia.arithmeticparserv2.ResultParserWithParenthesisTest" name="testToPostFix[11 calculation[[9, *, 8, *, 7, *, 6, *, 5, *, 4, *, 3, /, 2]]=[9, 8, *, 7, *, 6, *, 5, *, 4, *, 3, *, 2, /]]]" time="0.001"/>
  <testcase classname="com.alincaia.arithmeticparserv2.ResultParserWithParenthesisTest" name="testResult[11 calculation[[9, *, 8, *, 7, *, 6, *, 5, *, 4, *, 3, /, 2]]=[9, 8, *, 7, *, 6, *, 5, *, 4, *, 3, *, 2, /]]]" time="0"/>
  <testcase classname="com.alincaia.arithmeticparserv2.ResultParserWithParenthesisTest" name="testToPostFix[12 calculation[[5, (, 5, *, 5, /, 12.5, ), +, 9]]=[5, 5, 5, *, 12.5, /, *, 9, +]]]" time="0.003"/>
  <testcase classname="com.alincaia.arithmeticparserv2.ResultParserWithParenthesisTest" name="testResult[12 calculation[[5, (, 5, *, 5, /, 12.5, ), +, 9]]=[5, 5, 5, *, 12.5, /, *, 9, +]]]" time="0"/>
  <testcase classname="com.alincaia.arithmeticparserv2.ResultParserWithParenthesisTest" name="testToPostFix[13 calculation[[-4, *, -3, (, 5, +, 3, (, 5, +, 3, ), )]]=[-4, -3, *, 5, 3, 5, 3, +, *, +, *]]]" time="0"/>
  <testcase classname="com.alincaia.arithmeticparserv2.ResultParserWithParenthesisTest" name="testResult[13 calculation[[-4, *, -3, (, 5, +, 3, (, 5, +, 3, ), )]]=[-4, -3, *, 5, 3, 5, 3, +, *, +, *]]]" time="0"/>
  <testcase classname="com.alincaia.arithmeticparserv2.ResultParserWithParenthesisTest" name="testToPostFix[14 calculation[[(, 9, +, 2, ), (, 5, +, 3, ), (, 66, /, 2, )]]=[9, 2, +, 5, 3, +, *, 66, 2, /, *]]]" time="0"/>
  <testcase classname="com.alincaia.arithmeticparserv2.ResultParserWithParenthesisTest" name="testResult[14 calculation[[(, 9, +, 2, ), (, 5, +, 3, ), (, 66, /, 2, )]]=[9, 2, +, 5, 3, +, *, 66, 2, /, *]]]" time="0.001"/>
  <testcase classname="com.alincaia.arithmeticparserv2.ResultParserWithParenthesisTest" name="testToPostFix[15 calculation[[75, *, 2, (, 75, /, 3, ), (, 12, *, 3, )]]=[75, 2, *, 75, 3, /, *, 12, 3, *, *]]]" time="0.001"/>
  <testcase classname="com.alincaia.arithmeticparserv2.ResultParserWithParenthesisTest" name="testResult[15 calculation[[75, *, 2, (, 75, /, 3, ), (, 12, *, 3, )]]=[75, 2, *, 75, 3, /, *, 12, 3, *, *]]]" time="0"/>
  <testcase classname="com.alincaia.arithmeticparserv2.ResultParserWithParenthesisTest" name="testToPostFix[16 calculation[[10, *, 9, /, 8, *, 7, /, 6, *, 5, /, 4, *, 3, /, 2]]=[10, 9, *, 8, /, 7, *, 6, /, 5, *, 4, /, 3, *, 2, /]]]" time="0"/>
  <testcase classname="com.alincaia.arithmeticparserv2.ResultParserWithParenthesisTest" name="testResult[16 calculation[[10, *, 9, /, 8, *, 7, /, 6, *, 5, /, 4, *, 3, /, 2]]=[10, 9, *, 8, /, 7, *, 6, /, 5, *, 4, /, 3, *, 2, /]]]" time="0.001"/>
  <testcase classname="com.alincaia.arithmeticparserv2.ResultParserWithParenthesisTest" name="testToPostFix[17 calculation[[(, 3, +, 2, ), (, -3, -, 3, -, 3, )]]=[3, 2, +, -3, 3, -, 3, -, *]]]" time="0.001"/>
  <testcase classname="com.alincaia.arithmeticparserv2.ResultParserWithParenthesisTest" name="testResult[17 calculation[[(, 3, +, 2, ), (, -3, -, 3, -, 3, )]]=[3, 2, +, -3, 3, -, 3, -, *]]]" time="0"/>
  <testcase classname="com.alincaia.arithmeticparserv2.ResultParserWithParenthesisTest" name="testToPostFix[18 calculation[[99, -, 98, -, 97, -, 96, (, -2, +, 5, )]]=[99, 98, -, 97, -, 96, -2, 5, +, *, -]]]" time="0.001"/>
  <testcase classname="com.alincaia.arithmeticparserv2.ResultParserWithParenthesisTest" name="testResult[18 calculation[[99, -, 98, -, 97, -, 96, (, -2, +, 5, )]]=[99, 98, -, 97, -, 96, -2, 5, +, *, -]]]" time="0"/>
  <testcase classname="com.alincaia.arithmeticparserv2.ResultParserWithParenthesisTest" name="testToPostFix[19 calculation[[(, -5, ), (, -5, ), /, 5]]=[-5, -5, *, 5, /]]]" time="0.001"/>
  <testcase classname="com.alincaia.arithmeticparserv2.ResultParserWithParenthesisTest" name="testResult[19 calculation[[(, -5, ), (, -5, ), /, 5]]=[-5, -5, *, 5, /]]]" time="0"/>
</testsuite>